<?xml version="1.0" encoding="UTF-8"?>
<!-- Generated by org.testng.reporters.JUnitReportReporter -->
<testsuite hostname="DESKTOP-NBKIOAJ" failures="0" tests="1" name="GroupingTestNG.launch2" time="11.537" errors="0" timestamp="2022-06-14T19:07:41 IST" skipped="0">
  <testcase classname="GroupingTestNG.launch2" name="paytm" time="11.537"/>
  <system-out>
    <![CDATA[payTM is launching]]>
  </system-out>
</testsuite> <!-- GroupingTestNG.launch2 -->
