<?xml version="1.0" encoding="UTF-8"?>
<!-- Generated by org.testng.reporters.JUnitReportReporter -->
<testsuite hostname="DESKTOP-NBKIOAJ" failures="0" tests="1" name="verification_using_testNG.kite_Assert_EqualNotEqual" time="4.147" errors="0" timestamp="2022-06-15T16:56:26 IST" skipped="0">
  <testcase classname="verification_using_testNG.kite_Assert_EqualNotEqual" name="verifyText" time="4.147"/>
  <system-out>
    <![CDATA[TC are not matching TC is passed]]>
  </system-out>
</testsuite> <!-- verification_using_testNG.kite_Assert_EqualNotEqual -->
