<?xml version="1.0" encoding="UTF-8"?>
<!-- Generated by org.testng.reporters.JUnitReportReporter -->
<testsuite hostname="POOJA-Desktop" failures="0" tests="4" name="keywordsStudy.allKeywordsUse" time="0.008" errors="0" timestamp="2022-06-13T21:13:46 IST" skipped="1">
  <testcase classname="keywordsStudy.allKeywordsUse" name="myMethod4" time="0.006"/>
  <system-out/>
  <testcase classname="keywordsStudy.allKeywordsUse" name="myMethod3" time="0.001"/>
  <system-out/>
  <testcase classname="keywordsStudy.allKeywordsUse" name="myMethod2" time="0.001"/>
  <system-out/>
  <testcase classname="keywordsStudy.allKeywordsUse" name="myMethod1">
    <skipped/>
  </testcase> <!-- myMethod1 -->
  <system-out/>
</testsuite> <!-- keywordsStudy.allKeywordsUse -->
