<?xml version="1.0" encoding="UTF-8"?>
<!-- Generated by org.testng.reporters.JUnitReportReporter -->
<testsuite hostname="DESKTOP-NBKIOAJ" failures="0" tests="1" name="POM_with_Excel_Reading.TestClassUsing_TestNG" time="2.940" errors="0" timestamp="2022-06-19T18:25:01 IST" skipped="0">
  <testcase classname="POM_with_Excel_Reading.TestClassUsing_TestNG" name="VerifyKiteUserName" time="2.940"/>
  <system-out>
    <![CDATA[Expected UserID and Actual UserID are matching TC is PASSED]]>
  </system-out>
</testsuite> <!-- POM_with_Excel_Reading.TestClassUsing_TestNG -->
