<?xml version="1.0" encoding="UTF-8"?>
<!-- Generated by org.testng.reporters.JUnitReportReporter -->
<testsuite hostname="POOJA-Desktop" failures="0" tests="4" name="keywordsStudy.priorityUse" time="0.014" errors="0" timestamp="2022-06-13T21:02:32 IST" skipped="0">
  <testcase classname="keywordsStudy.priorityUse" name="myMethod3" time="0.011"/>
  <system-out/>
  <testcase classname="keywordsStudy.priorityUse" name="myMethod4" time="0.001"/>
  <system-out/>
  <testcase classname="keywordsStudy.priorityUse" name="myMethod2" time="0.001"/>
  <system-out/>
  <testcase classname="keywordsStudy.priorityUse" name="myMethod1" time="0.001"/>
  <system-out/>
</testsuite> <!-- keywordsStudy.priorityUse -->
