<?xml version="1.0" encoding="UTF-8"?>
<!-- Generated by org.testng.reporters.JUnitReportReporter -->
<testsuite hostname="POOJA-Desktop" failures="0" tests="2" name="xml_Study.CombiningTwoClasses" time="0.010" errors="0" timestamp="2022-06-13T22:08:30 IST" skipped="0">
  <testcase classname="xml_Study.CombiningTwoClasses" name="myMethod5" time="0.009"/>
  <system-out/>
  <testcase classname="xml_Study.CombiningTwoClasses" name="myMethod6" time="0.001"/>
  <system-out/>
</testsuite> <!-- xml_Study.CombiningTwoClasses -->
