<?xml version="1.0" encoding="UTF-8"?>
<!-- Generated by org.testng.reporters.JUnitReportReporter -->
<testsuite hostname="POOJA-Desktop" failures="0" tests="3" name="testNG.MyTestClass" time="15.765" errors="0" timestamp="2022-06-09T19:00:50 IST" skipped="0">
  <testcase classname="testNG.MyTestClass" name="WhatsAppWeb_Login" time="4.628"/>
  <system-out>
    <![CDATA[WhatsAppWeb_Login is successful]]>
  </system-out>
  <testcase classname="testNG.MyTestClass" name="Google_Login" time="6.472"/>
  <system-out>
    <![CDATA[Google_Login is successful]]>
  </system-out>
  <testcase classname="testNG.MyTestClass" name="Zerodha_Login" time="4.665"/>
  <system-out/>
</testsuite> <!-- testNG.MyTestClass -->
