<?xml version="1.0" encoding="UTF-8"?>
<!-- Generated by org.testng.reporters.JUnitReportReporter -->
<testsuite hostname="DESKTOP-NBKIOAJ" failures="0" tests="1" name="Kite_Test_Classes.Validate_Kite_UserID" time="3.429" errors="0" timestamp="2022-06-21T14:16:21 IST" skipped="0">
  <testcase classname="Kite_Test_Classes.Validate_Kite_UserID" name="validateUserName" time="3.429"/>
  <system-out>
    <![CDATA[User names are matching TC is passed]]>
  </system-out>
</testsuite> <!-- Kite_Test_Classes.Validate_Kite_UserID -->
