<?xml version="1.0" encoding="UTF-8"?>
<!-- Generated by org.testng.reporters.JUnitReportReporter -->
<testsuite hostname="POOJA-Desktop" failures="0" tests="2" name="testNG.AnnotationsStudy_1" time="0.008" errors="0" timestamp="2022-06-10T13:24:32 IST" skipped="0">
  <testcase classname="testNG.AnnotationsStudy_1" name="myTest4" time="0.002"/>
  <system-out>
    <![CDATA[Test Method4 is running]]>
  </system-out>
  <testcase classname="testNG.AnnotationsStudy_1" name="myTest3" time="0.006"/>
  <system-out>
    <![CDATA[Test Method3 is running]]>
  </system-out>
</testsuite> <!-- testNG.AnnotationsStudy_1 -->
