<?xml version="1.0" encoding="UTF-8"?>
<!-- Generated by org.testng.reporters.JUnitReportReporter -->
<testsuite hostname="DESKTOP-NBKIOAJ" failures="0" tests="2" name="TestNg_Listener.PuneTest" time="0.003" errors="0" timestamp="2022-06-22T12:20:29 IST" skipped="0">
  <testcase classname="TestNg_Listener.PuneTest" name="Hadapsar" time="0.002"/>
  <system-out>
    <![CDATA[Hadapsar is running
TC is success, Screenshot captured
TC name isHadapsar]]>
  </system-out>
  <testcase classname="TestNg_Listener.PuneTest" name="Loni" time="0.001"/>
  <system-out>
    <![CDATA[Loni is running
TC is success, Screenshot captured
TC name isLoni]]>
  </system-out>
</testsuite> <!-- TestNg_Listener.PuneTest -->
