<?xml version="1.0" encoding="UTF-8"?>
<!-- Generated by org.testng.reporters.JUnitReportReporter -->
<testsuite hostname="POOJA-Desktop" failures="0" tests="4" name="xml_Study.Include_xml" time="0.012" errors="0" timestamp="2022-06-13T21:29:36 IST" skipped="0">
  <testcase classname="xml_Study.Include_xml" name="myMethod3" time="0.001"/>
  <system-out/>
  <testcase classname="xml_Study.Include_xml" name="myMethod4" time="0.002"/>
  <system-out/>
  <testcase classname="xml_Study.Include_xml" name="myMethod2" time="0.001"/>
  <system-out/>
  <testcase classname="xml_Study.Include_xml" name="myMethod1" time="0.008"/>
  <system-out/>
</testsuite> <!-- xml_Study.Include_xml -->
