<?xml version="1.0" encoding="UTF-8"?>
<!-- Generated by org.testng.reporters.JUnitReportReporter -->
<testsuite hostname="DESKTOP-NBKIOAJ" failures="0" tests="2" name="POM_with_Excel_Reading.Kite_Excel_CrossBrowserTesting" time="5.160" errors="0" timestamp="2022-06-21T15:51:27 IST" skipped="0">
  <testcase classname="POM_with_Excel_Reading.Kite_Excel_CrossBrowserTesting" name="VerifyKiteUserName" time="2.608"/>
  <system-out>
    <![CDATA[Expected UserID and Actual UserID are matching TC is PASSED]]>
  </system-out>
  <testcase classname="POM_with_Excel_Reading.Kite_Excel_CrossBrowserTesting" name="VerifyKiteUserName" time="2.552"/>
  <system-out>
    <![CDATA[Expected UserID and Actual UserID are matching TC is PASSED]]>
  </system-out>
</testsuite> <!-- POM_with_Excel_Reading.Kite_Excel_CrossBrowserTesting -->
