<?xml version="1.0" encoding="UTF-8"?>
<!-- Generated by org.testng.reporters.JUnitReportReporter -->
<testsuite hostname="POOJA-Desktop" failures="0" tests="4" name="keywordsStudy.dependsOnMethodUse" time="0.010" errors="0" timestamp="2022-06-13T21:09:44 IST" skipped="0">
  <testcase classname="keywordsStudy.dependsOnMethodUse" name="myMethod2" time="0.007"/>
  <system-out/>
  <testcase classname="keywordsStudy.dependsOnMethodUse" name="myMethod4" time="0.001"/>
  <system-out/>
  <testcase classname="keywordsStudy.dependsOnMethodUse" name="myMethod1" time="0.001"/>
  <system-out/>
  <testcase classname="keywordsStudy.dependsOnMethodUse" name="myMethod3" time="0.001"/>
  <system-out/>
</testsuite> <!-- keywordsStudy.dependsOnMethodUse -->
