<?xml version="1.0" encoding="UTF-8"?>
<!-- Generated by org.testng.reporters.JUnitReportReporter -->
<testsuite hostname="POOJA-Desktop" failures="0" tests="2" name="keywordsStudy.enabledUse" time="0.001" errors="0" timestamp="2022-06-13T22:08:30 IST" skipped="1">
  <testcase classname="keywordsStudy.enabledUse" name="myMethod2" time="0.001"/>
  <system-out/>
  <testcase classname="keywordsStudy.enabledUse" name="myMethod1">
    <skipped/>
  </testcase> <!-- myMethod1 -->
  <system-out/>
</testsuite> <!-- keywordsStudy.enabledUse -->
