<?xml version="1.0" encoding="UTF-8"?>
<!-- Generated by org.testng.reporters.JUnitReportReporter -->
<testsuite hostname="DESKTOP-NBKIOAJ" failures="0" tests="1" name="GroupingTestNG.launch1" time="9.327" errors="0" timestamp="2022-06-14T19:07:41 IST" skipped="0">
  <testcase classname="GroupingTestNG.launch1" name="zerodha" time="9.327"/>
  <system-out>
    <![CDATA[Zerodha is launching]]>
  </system-out>
</testsuite> <!-- GroupingTestNG.launch1 -->
