<?xml version="1.0" encoding="UTF-8"?>
<!-- Generated by org.testng.reporters.JUnitReportReporter -->
<testsuite hostname="DESKTOP-NBKIOAJ" failures="0" tests="1" name="GroupingTestNG.GroupingTest1" time="0.001" errors="0" timestamp="2022-06-14T19:48:04 IST" skipped="0">
  <testcase classname="GroupingTestNG.GroupingTest1" name="myMethod3" time="0.001"/>
  <system-out>
    <![CDATA[myMethod3 is running]]>
  </system-out>
</testsuite> <!-- GroupingTestNG.GroupingTest1 -->
