<?xml version="1.0" encoding="UTF-8"?>
<!-- Generated by org.testng.reporters.JUnitReportReporter -->
<testsuite hostname="DESKTOP-NBKIOAJ" failures="0" tests="2" name="verification_using_testNG.Kite_Assert_NullNotNull" time="7.427" errors="0" timestamp="2022-06-15T17:23:13 IST" skipped="0">
  <testcase classname="verification_using_testNG.Kite_Assert_NullNotNull" name="CheckTrue" time="4.428"/>
  <system-out>
    <![CDATA[TC passed]]>
  </system-out>
  <testcase classname="verification_using_testNG.Kite_Assert_NullNotNull" name="checkNull" time="2.999"/>
  <system-out>
    <![CDATA[Password field is empty]]>
  </system-out>
</testsuite> <!-- verification_using_testNG.Kite_Assert_NullNotNull -->
