<?xml version="1.0" encoding="UTF-8"?>
<!-- Generated by org.testng.reporters.JUnitReportReporter -->
<testsuite hostname="POOJA-Desktop" failures="0" tests="5" name="keywordsStudy.invocationCountUse" time="0.011" errors="0" timestamp="2022-06-13T21:00:06 IST" skipped="0">
  <testcase classname="keywordsStudy.invocationCountUse" name="myMethod2" time="0.000"/>
  <system-out/>
  <testcase classname="keywordsStudy.invocationCountUse" name="myMethod3" time="0.000"/>
  <system-out/>
  <testcase classname="keywordsStudy.invocationCountUse" name="myMethod1" time="0.002"/>
  <system-out/>
  <testcase classname="keywordsStudy.invocationCountUse" name="myMethod1" time="0.008"/>
  <system-out/>
  <testcase classname="keywordsStudy.invocationCountUse" name="myMethod4" time="0.001"/>
  <system-out/>
</testsuite> <!-- keywordsStudy.invocationCountUse -->
