<?xml version="1.0" encoding="UTF-8"?>
<!-- Generated by org.testng.reporters.JUnitReportReporter -->
<testsuite hostname="DESKTOP-NBKIOAJ" failures="0" tests="1" name="verification.CheckboxVerify" time="8.807" errors="0" timestamp="2022-06-15T14:18:21 IST" skipped="0">
  <testcase classname="verification.CheckboxVerify" name="Test1" time="8.807"/>
  <system-out>
    <![CDATA[CheckBox is Selected TC is Passed]]>
  </system-out>
</testsuite> <!-- verification.CheckboxVerify -->
