<?xml version="1.0" encoding="UTF-8"?>
<!-- Generated by org.testng.reporters.JUnitReportReporter -->
<testsuite hostname="DESKTOP-NBKIOAJ" failures="0" tests="1" name="GroupingTestNG.launch3" time="10.020" errors="0" timestamp="2022-06-14T19:07:41 IST" skipped="0">
  <testcase classname="GroupingTestNG.launch3" name="google" time="10.020"/>
  <system-out>
    <![CDATA[Google is launching]]>
  </system-out>
</testsuite> <!-- GroupingTestNG.launch3 -->
