<?xml version="1.0" encoding="UTF-8"?>
<!-- Generated by org.testng.reporters.JUnitReportReporter -->
<testsuite hostname="DESKTOP-NBKIOAJ" failures="0" tests="2" name="TestNg_Listener.SataraTest" time="0.013" errors="0" timestamp="2022-06-22T12:20:29 IST" skipped="0">
  <testcase classname="TestNg_Listener.SataraTest" name="Phaltan" time="0.002"/>
  <system-out>
    <![CDATA[Phaltan is running
TC is success, Screenshot captured
TC name isPhaltan]]>
  </system-out>
  <testcase classname="TestNg_Listener.SataraTest" name="Lonand" time="0.011"/>
  <system-out>
    <![CDATA[Lonand is running
TC is success, Screenshot captured
TC name isLonand]]>
  </system-out>
</testsuite> <!-- TestNg_Listener.SataraTest -->
