<?xml version="1.0" encoding="UTF-8"?>
<!-- Generated by org.testng.reporters.JUnitReportReporter -->
<testsuite hostname="DESKTOP-NBKIOAJ" failures="0" tests="1" name="Kite_Test_Classes.Kite_Validate_UserName_Using_Property" time="3.423" errors="0" timestamp="2022-06-21T14:55:14 IST" skipped="0">
  <testcase classname="Kite_Test_Classes.Kite_Validate_UserName_Using_Property" name="ValidateUserName" time="3.423"/>
  <system-out>
    <![CDATA[Actual UserID and Expected UserID are matching, Test case is PASSED]]>
  </system-out>
</testsuite> <!-- Kite_Test_Classes.Kite_Validate_UserName_Using_Property -->
