<?xml version="1.0" encoding="UTF-8"?>
<!-- Generated by org.testng.reporters.JUnitReportReporter -->
<testsuite hostname="POOJA-Desktop" failures="0" tests="2" name="testNG.AnnotationsStudy" time="0.006" errors="0" timestamp="2022-06-10T14:11:09 IST" skipped="0">
  <testcase classname="testNG.AnnotationsStudy" name="myTest2" time="0.001"/>
  <system-out>
    <![CDATA[Test Method2 is running]]>
  </system-out>
  <testcase classname="testNG.AnnotationsStudy" name="myTest1" time="0.005"/>
  <system-out>
    <![CDATA[Test Method1 is running]]>
  </system-out>
</testsuite> <!-- testNG.AnnotationsStudy -->
