<?xml version="1.0" encoding="UTF-8"?>
<!-- Generated by org.testng.reporters.JUnitReportReporter -->
<testsuite hostname="POOJA-Desktop" failures="0" tests="1" name="xml_Study.IncludeUse1" time="0.001" errors="0" timestamp="2022-06-13T22:08:30 IST" skipped="0">
  <testcase classname="xml_Study.IncludeUse1" name="myMethodA" time="0.001"/>
  <system-out/>
</testsuite> <!-- xml_Study.IncludeUse1 -->
